==============================================================
File generated by Vivado(TM) HLS - High-Level Synthesis from C, C++ and SystemC
Version: 2014.2
Copyright (C) 2014 Xilinx Inc. All rights reserved.

==============================================================

@I [HLS-10] Setting target device to 'xc7z020clg484-1'
@I [SYN-201] Setting up clock 'default' with a period of 10ns.
@I [SIM-1] CSim done with 0 errors.
@I [HLS-10] Analyzing design file 'cordic.cpp' ... 
@I [HLS-10] Validating synthesis directives ...
@I [HLS-10] Starting code transformations ...
@I [HLS-10] Checking synthesizability ...
@I [HLS-111] Elapsed time: 3.08 seconds; current memory usage: 70.6 MB.
@I [HLS-10] Starting hardware synthesis ...
@I [HLS-10] Synthesizing 'dut' ...
@I [HLS-10] ----------------------------------------------------------------
@I [HLS-10] -- Scheduling module 'dut' 
@I [HLS-10] ----------------------------------------------------------------
@I [SCHED-11] Starting scheduling ...
@I [SCHED-11] Finished scheduling.
@I [HLS-111] Elapsed time: 0.06 seconds; current memory usage: 70.9 MB.
@I [HLS-10] ----------------------------------------------------------------
@I [HLS-10] -- Exploring micro-architecture for module 'dut' 
@I [HLS-10] ----------------------------------------------------------------
@I [BIND-100] Starting micro-architecture generation ...
@I [BIND-101] Performing variable lifetime analysis.
@I [BIND-101] Exploring resource sharing.
@I [BIND-101] Binding ...
@I [BIND-100] Finished micro-architecture generation.
@I [HLS-111] Elapsed time: 0.01 seconds; current memory usage: 70.9 MB.
@I [HLS-10] ----------------------------------------------------------------
@I [HLS-10] -- Generating RTL for module 'dut' 
@I [HLS-10] ----------------------------------------------------------------
@I [RTGEN-500] Setting interface mode on port 'dut/strm_in_V_V' to 'ap_fifo'.
@I [RTGEN-500] Setting interface mode on port 'dut/strm_out_V_V' to 'ap_fifo'.
@I [RTGEN-500] Setting interface mode on function 'dut' to 'ap_ctrl_hs'.
@I [RTGEN-100] Finished creating RTL model for 'dut'.
@I [HLS-111] Elapsed time: 0.02 seconds; current memory usage: 71 MB.
@I [HLS-10] Finished generating all RTL models.
@I [WSYSC-301] Generating RTL SystemC for 'dut'.
@I [WVHDL-304] Generating RTL VHDL for 'dut'.
@I [WVLOG-307] Generating RTL Verilog for 'dut'.
@I [HLS-112] Total elapsed time: 26.766 seconds; peak memory usage: 71 MB.
@I [LIC-101] Checked in feature [HLS]
