=========================================================
Scheduler report file
Generated by stratus_hls 15.21-p100  (11111647)
On:          Thu Aug  4 23:06:38 2016
Project Dir: /home/staff/yw777/Stratus_HLS/vv_add
Module:      vv_add
HLS Config:  VIVADO_DSP
=========================================================
Scheduler report for : vv_addThread                                                                               
-----------------------------------                                                                                            
                                                                                                                  
Op                    SID(BB;Clocked)  Pipeline Stage  IS     SRCLOC                                              
--                    ---------------  --------------  --     ------                                              
                                                                                                                  
cc_busy_o             3 (2:FALSE)      --              FALSE  vv_add.h,l:20,c:19 -> f:vv_add.cc,l:35,c:5          
                                                                                                                  
cc_interrupt_o        3 (2:FALSE)      --              FALSE  vv_add.h,l:21,c:18 -> f:vv_add.cc,l:36,c:5          
                                                                                                                  
core_cmd_ready_o      3 (2:FALSE)      --              FALSE  vv_add.h,l:28,c:18 -> f:vv_add.cc,l:38,c:5          
                                                                                                                  
core_resp_valid_o     3 (2:FALSE)      --              FALSE  vv_add.h,l:43,c:16 -> f:vv_add.cc,l:40,c:5          
                                                                                                                  
core_resp_rd_o        3 (2:FALSE)      --              FALSE  vv_add.h,l:44,c:25 -> f:vv_add.cc,l:41,c:5          
                                                                                                                  
core_resp_data_o      3 (2:FALSE)      --              FALSE  vv_add.h,l:45,c:25                                  
                                                                                                                  
mem_req_valid_o       3 (2:FALSE)      --              FALSE  vv_add.h,l:50,c:16 -> f:vv_add.cc,l:45,c:5          
                                                                                                                  
mem_req_addr_o        3 (2:FALSE)      --              FALSE  vv_add.h,l:51,c:25                                  
                                                                                                                  
mem_req_tag_o         3 (2:FALSE)      --              FALSE  vv_add.h,l:52,c:25                                  
                                                                                                                  
mem_req_cmd_o         3 (2:FALSE)      --              FALSE  vv_add.h,l:53,c:25                                  
                                                                                                                  
mem_req_typ_o         3 (2:FALSE)      --              FALSE  vv_add.h,l:54,c:25                                  
                                                                                                                  
mem_req_phys_o        3 (2:FALSE)      --              FALSE  vv_add.h,l:55,c:16 -> f:vv_add.cc,l:50,c:5          
                                                                                                                  
mem_req_data_o        3 (2:FALSE)      --              FALSE  vv_add.h,l:56,c:25                                  
                                                                                                                  
result_64             4 (3:TRUE)       --              FALSE  @trimmed to 0:0: (f:vv_add.cc,l:28,c:16)            
                                                                                                                  
result_64             5 (4:FALSE)      --              FALSE  vv_add.cc,l:28,c:16 -> l:183,c:38                   
                                                                                                                  
core_cmd_valid_i      6 (5:FALSE)      --              FALSE  vv_add.h,l:29,c:17 -> f:vv_add.cc,l:67,c:19         
                                                                                                                  
core_cmd_ready_o      6 (5:FALSE)      --              FALSE  vv_add.h,l:28,c:18 -> f:vv_add.cc,l:65,c:11         
                                                                                                                  
core_cmd_valid_i      13 (9:TRUE)      --              FALSE  vv_add.h,l:29,c:17                                  
                                                                                                                  
core_cmd_inst_funct_  18 (12:FALSE)    --              FALSE  vv_add.h,l:30,c:24 -> f:vv_add.cc,l:78,c:19         
                                                                                                                  
core_cmd_inst_xd_i    18 (12:FALSE)    --              FALSE  vv_add.h,l:34,c:15 -> f:vv_add.cc,l:85,c:16         
                                                                                                                  
core_cmd_rs1_i        18 (12:FALSE)    --              FALSE  vv_add.h,l:39,c:24 -> f:vv_add.cc,l:80,c:21         
                                                                                                                  
core_cmd_rs2_i        18 (12:FALSE)    --              FALSE  vv_add.h,l:40,c:24 -> f:vv_add.cc,l:81,c:21         
                                                                                                                  
cc_busy_o             18 (12:FALSE)    --              FALSE  vv_add.h,l:20,c:19 -> f:vv_add.cc,l:87,c:11         
                                                                                                                  
core_cmd_inst_rd_i    18 (12:FALSE)    --              FALSE  vv_add.h,l:37,c:24 -> f:vv_add.cc,l:83,c:16         
                                                                                                                  
core_cmd_ready_o      20 (13:TRUE)     --              FALSE  vv_add.h,l:28,c:18 -> f:vv_add.cc,l:91,c:11         
                                                                                                                  
                      25 (16:FALSE)    --              FALSE  f:vv_add.cc,l:104,c:29                              
                                                                                                                  
mem_req_addr_o        24 (17:FALSE)    --              FALSE  vv_add.h,l:51,c:25 -> f:vv_add.cc,l:114,c:13        
                                                                                                                  
mem_req_valid_o       24 (17:FALSE)    --              FALSE  vv_add.h,l:50,c:16 -> f:vv_add.cc,l:115,c:13        
                                                                                                                  
mem_req_cmd_o         24 (17:FALSE)    --              FALSE  vv_add.h,l:53,c:25                                  
                                                                                                                  
mem_req_typ_o         24 (17:FALSE)    --              FALSE  vv_add.h,l:54,c:25                                  
                                                                                                                  
mem_req_tag_o         24 (17:FALSE)    --              FALSE  vv_add.h,l:52,c:25                                  
                                                                                                                  
mem_req_data_o        24 (17:FALSE)    --              FALSE  vv_add.h,l:56,c:25 -> f:vv_add.cc,l:119,c:13        
                                                                                                                  
mem_req_addr_o        23 (30:FALSE)    --              FALSE  vv_add.h,l:51,c:25 -> f:vv_add.cc,l:145,c:13        
                                                                                                                  
mem_req_valid_o       23 (30:FALSE)    --              FALSE  vv_add.h,l:50,c:16 -> f:vv_add.cc,l:146,c:13        
                                                                                                                  
mem_req_cmd_o         23 (30:FALSE)    --              FALSE  vv_add.h,l:53,c:25                                  
                                                                                                                  
mem_req_typ_o         23 (30:FALSE)    --              FALSE  vv_add.h,l:54,c:25                                  
                                                                                                                  
mem_req_tag_o         23 (30:FALSE)    --              FALSE  vv_add.h,l:52,c:25                                  
                                                                                                                  
mem_req_ready_i       35 (19:TRUE)     --              FALSE  vv_add.h,l:49,c:15 -> f:vv_add.cc,l:122,c:21        
                                                                                                                  
mem_req_ready_i       34 (32:TRUE)     --              FALSE  vv_add.h,l:49,c:15 -> f:vv_add.cc,l:153,c:21        
                                                                                                                  
mem_resp_tag_i        41 (21:FALSE)    --              FALSE  vv_add.h,l:62,c:25 -> f:vv_add.cc,l:127,c:43        
                                                                                                                  
mem_resp_valid_i      41 (21:FALSE)    --              FALSE  vv_add.h,l:60,c:15 -> f:vv_add.cc,l:127,c:21        
                                                                                                                  
funct                 41 (21:FALSE)    --              FALSE  vv_add.cc,l:26,c:16                                 
                                                                                                                  
                      41 (21:FALSE)    --              FALSE  f:vv_add.cc,l:127,c:38                              
                                                                                                                  
mem_req_valid_o       41 (21:FALSE)    --              FALSE  vv_add.h,l:50,c:16 -> f:vv_add.cc,l:124,c:13        
                                                                                                                  
mem_resp_tag_i        43 (34:FALSE)    --              FALSE  vv_add.h,l:62,c:25 -> f:vv_add.cc,l:158,c:43        
                                                                                                                  
mem_resp_valid_i      43 (34:FALSE)    --              FALSE  vv_add.h,l:60,c:15 -> f:vv_add.cc,l:158,c:21        
                                                                                                                  
funct                 43 (34:FALSE)    --              FALSE  vv_add.cc,l:26,c:16                                 
                                                                                                                  
                      43 (34:FALSE)    --              FALSE  f:vv_add.cc,l:158,c:38                              
                                                                                                                  
mem_req_valid_o       43 (34:FALSE)    --              FALSE  vv_add.h,l:50,c:16 -> f:vv_add.cc,l:155,c:13        
                                                                                                                  
mem_resp_tag_i        64 (25:TRUE)     --              FALSE  vv_add.h,l:62,c:25                                  
                                                                                                                  
mem_resp_valid_i      64 (25:TRUE)     --              FALSE  vv_add.h,l:60,c:15                                  
                                                                                                                  
funct                 64 (25:TRUE)     --              FALSE  vv_add.cc,l:26,c:16                                 
                                                                                                                  
                      64 (25:TRUE)     --              FALSE  f:vv_add.cc,l:127,c:38                              
                                                                                                                  
mem_resp_tag_i        62 (38:TRUE)     --              FALSE  vv_add.h,l:62,c:25                                  
                                                                                                                  
mem_resp_valid_i      62 (38:TRUE)     --              FALSE  vv_add.h,l:60,c:15                                  
                                                                                                                  
funct                 62 (38:TRUE)     --              FALSE  vv_add.cc,l:26,c:16                                 
                                                                                                                  
                      62 (38:TRUE)     --              FALSE  f:vv_add.cc,l:158,c:38                              
                                                                                                                  
mem_resp_store_data_  78 (28:FALSE)    --              FALSE  vv_add.h,l:69,c:24 -> f:vv_add.cc,l:132,c:25        
                                                                                                                  
mem_resp_data_i       80 (41:FALSE)    --              FALSE  vv_add.h,l:66,c:24 -> f:vv_add.cc,l:163,c:25        
                                                                                                                  
result_64             87 (15:FALSE)    --              FALSE  vv_add.cc,l:28,c:16                                 
                                                                                                                  
core_resp_valid_o     83 (43:FALSE)    --              FALSE  vv_add.h,l:43,c:16                                  
                                                                                                                  
core_resp_rd_o        83 (43:FALSE)    --              FALSE  vv_add.h,l:44,c:25                                  
                                                                                                                  
core_resp_data_o      83 (43:FALSE)    --              FALSE  vv_add.h,l:45,c:25                                  
                                                                                                                  
core_resp_ready_i     93 (47:TRUE)     --              FALSE  vv_add.h,l:42,c:15 -> f:vv_add.cc,l:187,c:23        
                                                                                                                  
cc_busy_o             98 (50:FALSE)    --              FALSE  vv_add.h,l:20,c:19 -> f:vv_add.cc,l:190,c:11        
                                                                                                                  
core_resp_valid_o     98 (50:FALSE)    --              FALSE  vv_add.h,l:43,c:16 -> f:vv_add.cc,l:191,c:11        
                                                                                                                  
                                                                                                                  
